[2024-03-03 19:48:20,573] INFO [com.foretruff.HibernateRunner2: 20] User entity is in transient state , object: User(username=Ivan818, firstname=Ivan, lastname=Ivanov, birthDate=null, role=null, info=null)
[2024-03-03 19:48:20,680] INFO [org.hibernate.Version: 44] HHH000412: Hibernate ORM core version 6.3.1.Final
[2024-03-03 19:48:21,005] INFO [org.hibernate.cache.internal.RegionFactoryInitiator: 50] HHH000026: Second-level cache disabled
[2024-03-03 19:48:21,225] WARN [org.hibernate.orm.connections.pooling: 80] HHH10001002: Using built-in connection pool (not intended for production use)
[2024-03-03 19:48:21,231] INFO [org.hibernate.orm.connections.pooling: 135] HHH10001005: Loaded JDBC driver class: org.postgresql.Driver
[2024-03-03 19:48:21,231] INFO [org.hibernate.orm.connections.pooling: 157] HHH10001012: Connecting with JDBC URL [jdbc:postgresql://localhost:5435/postgres]
[2024-03-03 19:48:21,231] INFO [org.hibernate.orm.connections.pooling: 166] HHH10001001: Connection properties: {password=****, user=postgres}
[2024-03-03 19:48:21,232] INFO [org.hibernate.orm.connections.pooling: 170] HHH10001003: Autocommit mode: false
[2024-03-03 19:48:21,236] INFO [org.hibernate.orm.connections.pooling: 366] HHH10001115: Connection pool size: 20 (min=1)
[2024-03-03 19:48:21,492] WARN [org.hibernate.orm.deprecation: 152] HHH90000025: PostgreSQLDialect does not need to be specified explicitly using 'hibernate.dialect' (remove the property setting and it will be selected by default)
[2024-03-03 19:48:22,813] INFO [org.hibernate.engine.transaction.jta.platform.internal.JtaPlatformInitiator: 58] HHH000489: No JTA platform available (set 'hibernate.transaction.jta.platform' to enable JTA platform integration)
[2024-03-03 19:48:22,908] WARN [org.hibernate.engine.jdbc.spi.SqlExceptionHelper: 145] SQL Error: 0, SQLState: 23505
[2024-03-03 19:48:22,908] ERROR [org.hibernate.engine.jdbc.spi.SqlExceptionHelper: 150] ERROR: duplicate key value violates unique constraint "users_pkey"
  Подробности: Key (username)=(Ivan818) already exists.
[2024-03-03 19:48:22,922] INFO [org.hibernate.orm.connections.pooling: 601] HHH10001008: Cleaning up connection pool [jdbc:postgresql://localhost:5435/postgres]
[2024-03-03 19:48:22,925] ERROR [com.foretruff.HibernateRunner2: 46] Exception occurred
org.hibernate.exception.ConstraintViolationException: could not execute statement [ERROR: duplicate key value violates unique constraint "users_pkey"
  Подробности: Key (username)=(Ivan818) already exists.] [insert into public.users (birth_date,firstname,info,lastname,role,username) values (?,?,?,?,?,?)]
	at org.hibernate.exception.internal.SQLStateConversionDelegate.convert(SQLStateConversionDelegate.java:97)
	at org.hibernate.exception.internal.StandardSQLExceptionConverter.convert(StandardSQLExceptionConverter.java:58)
	at org.hibernate.engine.jdbc.spi.SqlExceptionHelper.convert(SqlExceptionHelper.java:108)
	at org.hibernate.engine.jdbc.internal.ResultSetReturnImpl.executeUpdate(ResultSetReturnImpl.java:283)
	at org.hibernate.engine.jdbc.mutation.internal.AbstractMutationExecutor.performNonBatchedMutation(AbstractMutationExecutor.java:107)
	at org.hibernate.engine.jdbc.mutation.internal.MutationExecutorSingleNonBatched.performNonBatchedOperations(MutationExecutorSingleNonBatched.java:40)
	at org.hibernate.engine.jdbc.mutation.internal.AbstractMutationExecutor.execute(AbstractMutationExecutor.java:52)
	at org.hibernate.persister.entity.mutation.InsertCoordinator.doStaticInserts(InsertCoordinator.java:171)
	at org.hibernate.persister.entity.mutation.InsertCoordinator.coordinateInsert(InsertCoordinator.java:112)
	at org.hibernate.persister.entity.AbstractEntityPersister.insert(AbstractEntityPersister.java:2865)
	at org.hibernate.action.internal.EntityInsertAction.execute(EntityInsertAction.java:102)
	at org.hibernate.engine.spi.ActionQueue.executeActions(ActionQueue.java:631)
	at org.hibernate.engine.spi.ActionQueue.executeActions(ActionQueue.java:498)
	at org.hibernate.event.internal.AbstractFlushingEventListener.performExecutions(AbstractFlushingEventListener.java:363)
	at org.hibernate.event.internal.DefaultFlushEventListener.onFlush(DefaultFlushEventListener.java:39)
	at org.hibernate.event.service.internal.EventListenerGroupImpl.fireEventOnEachListener(EventListenerGroupImpl.java:127)
	at org.hibernate.internal.SessionImpl.doFlush(SessionImpl.java:1415)
	at org.hibernate.internal.SessionImpl.managedFlush(SessionImpl.java:496)
	at org.hibernate.internal.SessionImpl.flushBeforeTransactionCompletion(SessionImpl.java:2325)
	at org.hibernate.internal.SessionImpl.beforeTransactionCompletion(SessionImpl.java:1988)
	at org.hibernate.engine.jdbc.internal.JdbcCoordinatorImpl.beforeTransactionCompletion(JdbcCoordinatorImpl.java:439)
	at org.hibernate.resource.transaction.backend.jdbc.internal.JdbcResourceLocalTransactionCoordinatorImpl.beforeCompletionCallback(JdbcResourceLocalTransactionCoordinatorImpl.java:169)
	at org.hibernate.resource.transaction.backend.jdbc.internal.JdbcResourceLocalTransactionCoordinatorImpl$TransactionDriverControlImpl.commit(JdbcResourceLocalTransactionCoordinatorImpl.java:267)
	at org.hibernate.engine.transaction.internal.TransactionImpl.commit(TransactionImpl.java:101)
	at com.foretruff.HibernateRunner2.main(HibernateRunner2.java:30)
Caused by: org.postgresql.util.PSQLException: ERROR: duplicate key value violates unique constraint "users_pkey"
  Подробности: Key (username)=(Ivan818) already exists.
	at org.postgresql.core.v3.QueryExecutorImpl.receiveErrorResponse(QueryExecutorImpl.java:2725)
	at org.postgresql.core.v3.QueryExecutorImpl.processResults(QueryExecutorImpl.java:2412)
	at org.postgresql.core.v3.QueryExecutorImpl.execute(QueryExecutorImpl.java:371)
	at org.postgresql.jdbc.PgStatement.executeInternal(PgStatement.java:502)
	at org.postgresql.jdbc.PgStatement.execute(PgStatement.java:419)
	at org.postgresql.jdbc.PgPreparedStatement.executeWithFlags(PgPreparedStatement.java:194)
	at org.postgresql.jdbc.PgPreparedStatement.executeUpdate(PgPreparedStatement.java:155)
	at org.hibernate.engine.jdbc.internal.ResultSetReturnImpl.executeUpdate(ResultSetReturnImpl.java:280)
	... 21 more
[2024-03-03 19:48:35,071] INFO [com.foretruff.HibernateRunner2: 20] User entity is in transient state , object: User(username=Ivan8118, firstname=Ivan, lastname=Ivanov, birthDate=null, role=null, info=null)
[2024-03-03 19:48:35,185] INFO [org.hibernate.Version: 44] HHH000412: Hibernate ORM core version 6.3.1.Final
[2024-03-03 19:48:35,507] INFO [org.hibernate.cache.internal.RegionFactoryInitiator: 50] HHH000026: Second-level cache disabled
[2024-03-03 19:48:35,688] WARN [org.hibernate.orm.connections.pooling: 80] HHH10001002: Using built-in connection pool (not intended for production use)
[2024-03-03 19:48:35,692] INFO [org.hibernate.orm.connections.pooling: 135] HHH10001005: Loaded JDBC driver class: org.postgresql.Driver
[2024-03-03 19:48:35,692] INFO [org.hibernate.orm.connections.pooling: 157] HHH10001012: Connecting with JDBC URL [jdbc:postgresql://localhost:5435/postgres]
[2024-03-03 19:48:35,692] INFO [org.hibernate.orm.connections.pooling: 166] HHH10001001: Connection properties: {password=****, user=postgres}
[2024-03-03 19:48:35,693] INFO [org.hibernate.orm.connections.pooling: 170] HHH10001003: Autocommit mode: false
[2024-03-03 19:48:35,696] INFO [org.hibernate.orm.connections.pooling: 366] HHH10001115: Connection pool size: 20 (min=1)
[2024-03-03 19:48:35,928] WARN [org.hibernate.orm.deprecation: 152] HHH90000025: PostgreSQLDialect does not need to be specified explicitly using 'hibernate.dialect' (remove the property setting and it will be selected by default)
[2024-03-03 19:48:37,344] INFO [org.hibernate.engine.transaction.jta.platform.internal.JtaPlatformInitiator: 58] HHH000489: No JTA platform available (set 'hibernate.transaction.jta.platform' to enable JTA platform integration)
[2024-03-03 19:48:37,462] WARN [com.foretruff.HibernateRunner2: 32] User is in detached state: User(username=Ivan8118, firstname=Ivan, lastname=Ivanov, birthDate=null, role=null, info=null) , session is closed SessionImpl(1134864869<closed>)
[2024-03-03 19:48:37,463] INFO [org.hibernate.orm.connections.pooling: 601] HHH10001008: Cleaning up connection pool [jdbc:postgresql://localhost:5435/postgres]
[2024-03-03 19:51:44,079] INFO [com.foretruff.HibernateRunner2: 20] User entity is in transient state , object: User(username=Ivan81118, firstname=Ivan, lastname=Ivanov, birthDate=null, role=null, info=null)
[2024-03-03 19:51:44,187] INFO [org.hibernate.Version: 44] HHH000412: Hibernate ORM core version 6.3.1.Final
[2024-03-03 19:51:44,546] INFO [org.hibernate.cache.internal.RegionFactoryInitiator: 50] HHH000026: Second-level cache disabled
[2024-03-03 19:51:44,770] WARN [org.hibernate.orm.connections.pooling: 80] HHH10001002: Using built-in connection pool (not intended for production use)
[2024-03-03 19:51:44,774] INFO [org.hibernate.orm.connections.pooling: 135] HHH10001005: Loaded JDBC driver class: org.postgresql.Driver
[2024-03-03 19:51:44,775] INFO [org.hibernate.orm.connections.pooling: 157] HHH10001012: Connecting with JDBC URL [jdbc:postgresql://localhost:5435/postgres]
[2024-03-03 19:51:44,775] INFO [org.hibernate.orm.connections.pooling: 166] HHH10001001: Connection properties: {password=****, user=postgres}
[2024-03-03 19:51:44,775] INFO [org.hibernate.orm.connections.pooling: 170] HHH10001003: Autocommit mode: false
[2024-03-03 19:51:44,779] INFO [org.hibernate.orm.connections.pooling: 366] HHH10001115: Connection pool size: 20 (min=1)
[2024-03-03 19:51:45,039] WARN [org.hibernate.orm.deprecation: 152] HHH90000025: PostgreSQLDialect does not need to be specified explicitly using 'hibernate.dialect' (remove the property setting and it will be selected by default)
[2024-03-03 19:51:46,291] INFO [org.hibernate.engine.transaction.jta.platform.internal.JtaPlatformInitiator: 58] HHH000489: No JTA platform available (set 'hibernate.transaction.jta.platform' to enable JTA platform integration)
[2024-03-03 19:51:46,424] WARN [com.foretruff.HibernateRunner2: 32] User is in detached state: User(username=Ivan81118, firstname=Ivan, lastname=Ivanov, birthDate=null, role=null, info=null) , session is closed SessionImpl(971324399<closed>)
[2024-03-03 19:51:46,425] INFO [org.hibernate.orm.connections.pooling: 601] HHH10001008: Cleaning up connection pool [jdbc:postgresql://localhost:5435/postgres]
